[     346ms] [ERROR] Failed to load resource: the server responded with a status of 503 (Service Unavailable) @ https://helping-jawfish-35.clerk.accounts.dev/npm/@clerk/clerk-js@5/dist/clerk.browser.js:0
[     545ms] [ERROR] Failed to load resource: the server responded with a status of 503 (Service Unavailable) @ https://helping-jawfish-35.clerk.accounts.dev/npm/@clerk/clerk-js@5/dist/clerk.browser.js:0
[     689ms] [WARNING] THREE.THREE.Clock: This module has been deprecated. Please use THREE.Timer instead. @ http://127.0.0.1:5173/node_modules/.vite/deps/chunk-3HQHLTJQ.js?v=221fd7bd:745
[     974ms] [ERROR] Failed to load resource: the server responded with a status of 503 (Service Unavailable) @ https://helping-jawfish-35.clerk.accounts.dev/npm/@clerk/clerk-js@5/dist/clerk.browser.js:0
[    2790ms] [ERROR] Failed to load resource: the server responded with a status of 503 (Service Unavailable) @ https://helping-jawfish-35.clerk.accounts.dev/npm/@clerk/clerk-js@5/dist/clerk.browser.js:0
[    4521ms] [ERROR] Failed to load resource: the server responded with a status of 503 (Service Unavailable) @ https://helping-jawfish-35.clerk.accounts.dev/npm/@clerk/clerk-js@5/dist/clerk.browser.js:0
[    5568ms] [ERROR] Failed to load resource: the server responded with a status of 503 (Service Unavailable) @ https://helping-jawfish-35.clerk.accounts.dev/npm/@clerk/clerk-js@5/dist/clerk.browser.js:0
[    5771ms] [ERROR] Failed to load resource: the server responded with a status of 503 (Service Unavailable) @ https://helping-jawfish-35.clerk.accounts.dev/npm/@clerk/clerk-js@5/dist/clerk.browser.js:0
[    5910ms] [WARNING] THREE.THREE.Clock: This module has been deprecated. Please use THREE.Timer instead. @ http://127.0.0.1:5173/node_modules/.vite/deps/chunk-3HQHLTJQ.js?v=221fd7bd:745
[    6325ms] [ERROR] Failed to load resource: the server responded with a status of 503 (Service Unavailable) @ https://helping-jawfish-35.clerk.accounts.dev/npm/@clerk/clerk-js@5/dist/clerk.browser.js:0
[    7284ms] [ERROR] Failed to load resource: the server responded with a status of 503 (Service Unavailable) @ https://helping-jawfish-35.clerk.accounts.dev/npm/@clerk/clerk-js@5/dist/clerk.browser.js:0
[    8687ms] [ERROR] Failed to load resource: the server responded with a status of 503 (Service Unavailable) @ https://helping-jawfish-35.clerk.accounts.dev/npm/@clerk/clerk-js@5/dist/clerk.browser.js:0
[   12470ms] [ERROR] Failed to load resource: the server responded with a status of 503 (Service Unavailable) @ https://helping-jawfish-35.clerk.accounts.dev/npm/@clerk/clerk-js@5/dist/clerk.browser.js:0
[   12495ms] ClerkRuntimeError2: Clerk: Failed to load Clerk, failed to load script: https://helping-jawfish-35.clerk.accounts.dev/npm/@clerk/clerk-js@5/dist/clerk.browser.js

(code="failed_to_load_clerk_js")


    at http://127.0.0.1:5173/node_modules/.vite/deps/@clerk_clerk-react.js?v=221fd7bd:4720:11
[   20598ms] [ERROR] ClerkRuntimeError2: Clerk: Failed to load Clerk

(code="failed_to_load_clerk_js_timeout")


    at handleTimeout (http://127.0.0.1:5173/node_modules/.vite/deps/@clerk_clerk-react.js?v=221fd7bd:4683:44) @ http://127.0.0.1:5173/node_modules/.vite/deps/@clerk_clerk-react.js?v=221fd7bd:6539
[   20628ms] [ERROR] Failed to load resource: the server responded with a status of 503 (Service Unavailable) @ https://helping-jawfish-35.clerk.accounts.dev/npm/@clerk/clerk-js@5/dist/clerk.browser.js:0
[   20921ms] [ERROR] Failed to load resource: the server responded with a status of 503 (Service Unavailable) @ https://helping-jawfish-35.clerk.accounts.dev/npm/@clerk/clerk-js@5/dist/clerk.browser.js:0
[   21488ms] [ERROR] Failed to load resource: the server responded with a status of 503 (Service Unavailable) @ https://helping-jawfish-35.clerk.accounts.dev/npm/@clerk/clerk-js@5/dist/clerk.browser.js:0
[   22300ms] [ERROR] Failed to load resource: the server responded with a status of 503 (Service Unavailable) @ https://helping-jawfish-35.clerk.accounts.dev/npm/@clerk/clerk-js@5/dist/clerk.browser.js:0
[   24179ms] [ERROR] Failed to load resource: the server responded with a status of 503 (Service Unavailable) @ https://helping-jawfish-35.clerk.accounts.dev/npm/@clerk/clerk-js@5/dist/clerk.browser.js:0
[   26712ms] [ERROR] Failed to load resource: the server responded with a status of 503 (Service Unavailable) @ https://helping-jawfish-35.clerk.accounts.dev/npm/@clerk/clerk-js@5/dist/clerk.browser.js:0
[   26763ms] ClerkRuntimeError2: Clerk: Failed to load Clerk, failed to load script: https://helping-jawfish-35.clerk.accounts.dev/npm/@clerk/clerk-js@5/dist/clerk.browser.js

(code="failed_to_load_clerk_js")


    at http://127.0.0.1:5173/node_modules/.vite/deps/@clerk_clerk-react.js?v=221fd7bd:4720:11
[   35626ms] [ERROR] ClerkRuntimeError2: Clerk: Failed to load Clerk

(code="failed_to_load_clerk_js_timeout")


    at handleTimeout (http://127.0.0.1:5173/node_modules/.vite/deps/@clerk_clerk-react.js?v=221fd7bd:4683:44) @ http://127.0.0.1:5173/node_modules/.vite/deps/@clerk_clerk-react.js?v=221fd7bd:6539
